-Xmx50m -Xlog:gc:file=rawgc.log -XX:+UseSerialGC
|-------------------------------|
| Copy                          |
|-------------------------------|
| min # | gc call | gc duration |
|-------------------------------|
|     0 |       3 |        33ms |
|     1 |       3 |        32ms |
|     2 |       3 |        37ms |
|     3 |       2 |        10ms |
|-------------------------------|
|-------------------------------|
| MarkSweepCompact              |
|-------------------------------|
| min # | gc call | gc duration |
|-------------------------------|
|     3 |       1 |        59ms |
|     4 |      13 |      1114ms |
|     5 |      46 |      3405ms |
|-------------------------------|
-Xmx50m -Xlog:gc:file=rawgc.log -XX:+UseG1GC
|-------------------------------|
| G1 Young Generation           |
|-------------------------------|
| min # | gc call | gc duration |
|-------------------------------|
|     0 |       2 |        30ms |
|     1 |       2 |        34ms |
|     2 |       3 |        51ms |
|     3 |      14 |        92ms |
|     4 |      46 |       162ms |
|     5 |       5 |         2ms |
|-------------------------------|
|-------------------------------|
| G1 Old Generation             |
|-------------------------------|
| min # | gc call | gc duration |
|-------------------------------|
|     4 |       6 |       599ms |
|     5 |       5 |       485ms |
|-------------------------------|
-Xmx50m -Xlog:gc:file=rawgc.log -XX:+UseParallelGC -XX:+UseParallelOldGC
|-------------------------------|
| PS MarkSweep                  |
|-------------------------------|
| min # | gc call | gc duration |
|-------------------------------|
|     3 |      25 |      1565ms |
|     4 |      30 |      1601ms |
|-------------------------------|
|-------------------------------|
| PS Scavenge                   |
|-------------------------------|
| min # | gc call | gc duration |
|-------------------------------|
|     0 |       3 |        33ms |
|     1 |       4 |        44ms |
|     2 |       7 |        67ms |
|     3 |       1 |         8ms |
|-------------------------------|
-Xmx50m -Xlog:gc:file=rawgc.log -XX:+UseConcMarkSweepGC -XX:+UseParNewGC
|-------------------------------|
| ParNew                        |
|-------------------------------|
| min # | gc call | gc duration |
|-------------------------------|
|     0 |       3 |        42ms |
|     1 |       3 |        45ms |
|     2 |       2 |        37ms |
|     3 |       3 |        25ms |
|     4 |      15 |         0ms |
|-------------------------------|
|-------------------------------|
| ConcurrentMarkSweep           |
|-------------------------------|
| min # | gc call | gc duration |
|-------------------------------|
|     1 |       1 |        31ms |
|     3 |      23 |     15100ms |
|     4 |      74 |      5254ms |
|     5 |       9 |       689ms |
|-------------------------------|
